[0.028s] Invoking command in '/home/imit-learn/workspace/build/voxblox_msgs': _=/usr/bin/env /usr/bin/cmake --build /home/imit-learn/workspace/build/voxblox_msgs -- -j32 -l32
[0.117s] [  1%] Built target voxblox_msgs__rosidl_generator_type_description
[0.120s] [  1%] Built target ament_cmake_python_copy_voxblox_msgs
[0.189s] [ 25%] Built target voxblox_msgs__rosidl_generator_c
[0.226s] [ 26%] Built target voxblox_msgs__cpp
[0.272s] [ 35%] Built target voxblox_msgs__rosidl_typesupport_introspection_c
[0.278s] [ 45%] Built target voxblox_msgs__rosidl_typesupport_c
[0.280s] [ 54%] Built target voxblox_msgs__rosidl_typesupport_fastrtps_c
[0.292s] [ 64%] Built target voxblox_msgs__rosidl_typesupport_introspection_cpp
[0.300s] [ 75%] Built target voxblox_msgs__rosidl_typesupport_fastrtps_cpp
[0.300s] [ 83%] Built target voxblox_msgs__rosidl_typesupport_cpp
[0.338s] running egg_info
[0.345s] writing voxblox_msgs.egg-info/PKG-INFO
[0.346s] writing dependency_links to voxblox_msgs.egg-info/dependency_links.txt
[0.346s] writing top-level names to voxblox_msgs.egg-info/top_level.txt
[0.365s] [ 83%] Built target voxblox_msgs
[0.368s] reading manifest file 'voxblox_msgs.egg-info/SOURCES.txt'
[0.368s] writing manifest file 'voxblox_msgs.egg-info/SOURCES.txt'
[0.406s] [ 83%] Built target ament_cmake_python_build_voxblox_msgs_egg
[0.427s] [ 84%] Built target voxblox_msgs__py
[0.495s] [ 92%] Built target voxblox_msgs__rosidl_generator_py
[0.555s] [ 95%] Built target voxblox_msgs_s__rosidl_typesupport_introspection_c
[0.558s] [ 97%] Built target voxblox_msgs_s__rosidl_typesupport_fastrtps_c
[0.559s] [100%] Built target voxblox_msgs_s__rosidl_typesupport_c
[0.566s] Invoked command in '/home/imit-learn/workspace/build/voxblox_msgs' returned '0': _=/usr/bin/env /usr/bin/cmake --build /home/imit-learn/workspace/build/voxblox_msgs -- -j32 -l32
[0.567s] Invoking command in '/home/imit-learn/workspace/build/voxblox_msgs': _=/usr/bin/env /usr/bin/cmake --install /home/imit-learn/workspace/build/voxblox_msgs
[0.572s] -- Install configuration: "Release"
[0.572s] -- Installing: /home/imit-learn/workspace/install/voxblox_msgs/share/ament_index/resource_index/rosidl_interfaces/voxblox_msgs
[0.572s] -- Installing: /home/imit-learn/workspace/install/voxblox_msgs/share/voxblox_msgs/msg/Block.json
[0.573s] -- Installing: /home/imit-learn/workspace/install/voxblox_msgs/share/voxblox_msgs/msg/Layer.json
[0.573s] -- Installing: /home/imit-learn/workspace/install/voxblox_msgs/share/voxblox_msgs/msg/Mesh.json
[0.573s] -- Installing: /home/imit-learn/workspace/install/voxblox_msgs/share/voxblox_msgs/msg/MeshBlock.json
[0.573s] -- Installing: /home/imit-learn/workspace/install/voxblox_msgs/share/voxblox_msgs/msg/VoxelEvaluationDetails.json
[0.573s] -- Installing: /home/imit-learn/workspace/install/voxblox_msgs/share/voxblox_msgs/srv/FilePath.json
[0.573s] -- Installing: /home/imit-learn/workspace/install/voxblox_msgs/include/voxblox_msgs/voxblox_msgs
[0.573s] -- Installing: /home/imit-learn/workspace/install/voxblox_msgs/include/voxblox_msgs/voxblox_msgs/srv
[0.573s] -- Installing: /home/imit-learn/workspace/install/voxblox_msgs/include/voxblox_msgs/voxblox_msgs/srv/file_path.h
[0.573s] -- Installing: /home/imit-learn/workspace/install/voxblox_msgs/include/voxblox_msgs/voxblox_msgs/srv/detail
[0.573s] -- Installing: /home/imit-learn/workspace/install/voxblox_msgs/include/voxblox_msgs/voxblox_msgs/srv/detail/file_path__type_support.c
[0.573s] -- Installing: /home/imit-learn/workspace/install/voxblox_msgs/include/voxblox_msgs/voxblox_msgs/srv/detail/file_path__functions.h
[0.573s] -- Installing: /home/imit-learn/workspace/install/voxblox_msgs/include/voxblox_msgs/voxblox_msgs/srv/detail/file_path__functions.c
[0.573s] -- Installing: /home/imit-learn/workspace/install/voxblox_msgs/include/voxblox_msgs/voxblox_msgs/srv/detail/file_path__description.c
[0.574s] -- Installing: /home/imit-learn/workspace/install/voxblox_msgs/include/voxblox_msgs/voxblox_msgs/srv/detail/file_path__type_support.h
[0.574s] -- Installing: /home/imit-learn/workspace/install/voxblox_msgs/include/voxblox_msgs/voxblox_msgs/srv/detail/file_path__struct.h
[0.574s] -- Installing: /home/imit-learn/workspace/install/voxblox_msgs/include/voxblox_msgs/voxblox_msgs/msg
[0.574s] -- Installing: /home/imit-learn/workspace/install/voxblox_msgs/include/voxblox_msgs/voxblox_msgs/msg/layer.h
[0.574s] -- Installing: /home/imit-learn/workspace/install/voxblox_msgs/include/voxblox_msgs/voxblox_msgs/msg/rosidl_generator_c__visibility_control.h
[0.574s] -- Installing: /home/imit-learn/workspace/install/voxblox_msgs/include/voxblox_msgs/voxblox_msgs/msg/voxel_evaluation_details.h
[0.574s] -- Installing: /home/imit-learn/workspace/install/voxblox_msgs/include/voxblox_msgs/voxblox_msgs/msg/block.h
[0.574s] -- Installing: /home/imit-learn/workspace/install/voxblox_msgs/include/voxblox_msgs/voxblox_msgs/msg/mesh_block.h
[0.574s] -- Installing: /home/imit-learn/workspace/install/voxblox_msgs/include/voxblox_msgs/voxblox_msgs/msg/mesh.h
[0.574s] -- Installing: /home/imit-learn/workspace/install/voxblox_msgs/include/voxblox_msgs/voxblox_msgs/msg/detail
[0.574s] -- Installing: /home/imit-learn/workspace/install/voxblox_msgs/include/voxblox_msgs/voxblox_msgs/msg/detail/layer__type_support.h
[0.574s] -- Installing: /home/imit-learn/workspace/install/voxblox_msgs/include/voxblox_msgs/voxblox_msgs/msg/detail/mesh__struct.h
[0.574s] -- Installing: /home/imit-learn/workspace/install/voxblox_msgs/include/voxblox_msgs/voxblox_msgs/msg/detail/block__functions.h
[0.574s] -- Installing: /home/imit-learn/workspace/install/voxblox_msgs/include/voxblox_msgs/voxblox_msgs/msg/detail/voxel_evaluation_details__type_support.h
[0.574s] -- Installing: /home/imit-learn/workspace/install/voxblox_msgs/include/voxblox_msgs/voxblox_msgs/msg/detail/mesh__type_support.h
[0.575s] -- Installing: /home/imit-learn/workspace/install/voxblox_msgs/include/voxblox_msgs/voxblox_msgs/msg/detail/mesh__description.c
[0.575s] -- Installing: /home/imit-learn/workspace/install/voxblox_msgs/include/voxblox_msgs/voxblox_msgs/msg/detail/mesh_block__struct.h
[0.575s] -- Installing: /home/imit-learn/workspace/install/voxblox_msgs/include/voxblox_msgs/voxblox_msgs/msg/detail/mesh_block__type_support.c
[0.575s] -- Installing: /home/imit-learn/workspace/install/voxblox_msgs/include/voxblox_msgs/voxblox_msgs/msg/detail/layer__struct.h
[0.575s] -- Installing: /home/imit-learn/workspace/install/voxblox_msgs/include/voxblox_msgs/voxblox_msgs/msg/detail/voxel_evaluation_details__struct.h
[0.575s] -- Installing: /home/imit-learn/workspace/install/voxblox_msgs/include/voxblox_msgs/voxblox_msgs/msg/detail/block__type_support.c
[0.575s] -- Installing: /home/imit-learn/workspace/install/voxblox_msgs/include/voxblox_msgs/voxblox_msgs/msg/detail/voxel_evaluation_details__functions.c
[0.575s] -- Installing: /home/imit-learn/workspace/install/voxblox_msgs/include/voxblox_msgs/voxblox_msgs/msg/detail/layer__type_support.c
[0.575s] -- Installing: /home/imit-learn/workspace/install/voxblox_msgs/include/voxblox_msgs/voxblox_msgs/msg/detail/mesh_block__functions.c
[0.575s] -- Installing: /home/imit-learn/workspace/install/voxblox_msgs/include/voxblox_msgs/voxblox_msgs/msg/detail/block__functions.c
[0.575s] -- Installing: /home/imit-learn/workspace/install/voxblox_msgs/include/voxblox_msgs/voxblox_msgs/msg/detail/mesh__type_support.c
[0.575s] -- Installing: /home/imit-learn/workspace/install/voxblox_msgs/include/voxblox_msgs/voxblox_msgs/msg/detail/voxel_evaluation_details__description.c
[0.575s] -- Installing: /home/imit-learn/workspace/install/voxblox_msgs/include/voxblox_msgs/voxblox_msgs/msg/detail/mesh__functions.h
[0.575s] -- Installing: /home/imit-learn/workspace/install/voxblox_msgs/include/voxblox_msgs/voxblox_msgs/msg/detail/block__struct.h
[0.575s] -- Installing: /home/imit-learn/workspace/install/voxblox_msgs/include/voxblox_msgs/voxblox_msgs/msg/detail/mesh_block__type_support.h
[0.575s] -- Installing: /home/imit-learn/workspace/install/voxblox_msgs/include/voxblox_msgs/voxblox_msgs/msg/detail/layer__functions.h
[0.576s] -- Installing: /home/imit-learn/workspace/install/voxblox_msgs/include/voxblox_msgs/voxblox_msgs/msg/detail/layer__functions.c
[0.576s] -- Installing: /home/imit-learn/workspace/install/voxblox_msgs/include/voxblox_msgs/voxblox_msgs/msg/detail/mesh_block__description.c
[0.576s] -- Installing: /home/imit-learn/workspace/install/voxblox_msgs/include/voxblox_msgs/voxblox_msgs/msg/detail/block__description.c
[0.576s] -- Installing: /home/imit-learn/workspace/install/voxblox_msgs/include/voxblox_msgs/voxblox_msgs/msg/detail/voxel_evaluation_details__functions.h
[0.576s] -- Installing: /home/imit-learn/workspace/install/voxblox_msgs/include/voxblox_msgs/voxblox_msgs/msg/detail/mesh__functions.c
[0.576s] -- Installing: /home/imit-learn/workspace/install/voxblox_msgs/include/voxblox_msgs/voxblox_msgs/msg/detail/layer__description.c
[0.576s] -- Installing: /home/imit-learn/workspace/install/voxblox_msgs/include/voxblox_msgs/voxblox_msgs/msg/detail/mesh_block__functions.h
[0.576s] -- Installing: /home/imit-learn/workspace/install/voxblox_msgs/include/voxblox_msgs/voxblox_msgs/msg/detail/block__type_support.h
[0.576s] -- Installing: /home/imit-learn/workspace/install/voxblox_msgs/include/voxblox_msgs/voxblox_msgs/msg/detail/voxel_evaluation_details__type_support.c
[0.576s] -- Installing: /home/imit-learn/workspace/install/voxblox_msgs/share/voxblox_msgs/environment/library_path.sh
[0.576s] -- Installing: /home/imit-learn/workspace/install/voxblox_msgs/share/voxblox_msgs/environment/library_path.dsv
[0.576s] -- Installing: /home/imit-learn/workspace/install/voxblox_msgs/lib/libvoxblox_msgs__rosidl_generator_c.so
[0.576s] -- Set non-toolchain portion of runtime path of "/home/imit-learn/workspace/install/voxblox_msgs/lib/libvoxblox_msgs__rosidl_generator_c.so" to ""
[0.576s] -- Up-to-date: /home/imit-learn/workspace/install/voxblox_msgs/include/voxblox_msgs/voxblox_msgs
[0.577s] -- Up-to-date: /home/imit-learn/workspace/install/voxblox_msgs/include/voxblox_msgs/voxblox_msgs/srv
[0.577s] -- Up-to-date: /home/imit-learn/workspace/install/voxblox_msgs/include/voxblox_msgs/voxblox_msgs/srv/detail
[0.577s] -- Installing: /home/imit-learn/workspace/install/voxblox_msgs/include/voxblox_msgs/voxblox_msgs/srv/detail/file_path__rosidl_typesupport_fastrtps_c.h
[0.577s] -- Up-to-date: /home/imit-learn/workspace/install/voxblox_msgs/include/voxblox_msgs/voxblox_msgs/msg
[0.577s] -- Installing: /home/imit-learn/workspace/install/voxblox_msgs/include/voxblox_msgs/voxblox_msgs/msg/rosidl_typesupport_fastrtps_c__visibility_control.h
[0.577s] -- Up-to-date: /home/imit-learn/workspace/install/voxblox_msgs/include/voxblox_msgs/voxblox_msgs/msg/detail
[0.577s] -- Installing: /home/imit-learn/workspace/install/voxblox_msgs/include/voxblox_msgs/voxblox_msgs/msg/detail/layer__rosidl_typesupport_fastrtps_c.h
[0.577s] -- Installing: /home/imit-learn/workspace/install/voxblox_msgs/include/voxblox_msgs/voxblox_msgs/msg/detail/block__rosidl_typesupport_fastrtps_c.h
[0.577s] -- Installing: /home/imit-learn/workspace/install/voxblox_msgs/include/voxblox_msgs/voxblox_msgs/msg/detail/mesh_block__rosidl_typesupport_fastrtps_c.h
[0.577s] -- Installing: /home/imit-learn/workspace/install/voxblox_msgs/include/voxblox_msgs/voxblox_msgs/msg/detail/voxel_evaluation_details__rosidl_typesupport_fastrtps_c.h
[0.577s] -- Installing: /home/imit-learn/workspace/install/voxblox_msgs/include/voxblox_msgs/voxblox_msgs/msg/detail/mesh__rosidl_typesupport_fastrtps_c.h
[0.577s] -- Installing: /home/imit-learn/workspace/install/voxblox_msgs/lib/libvoxblox_msgs__rosidl_typesupport_fastrtps_c.so
[0.577s] -- Set non-toolchain portion of runtime path of "/home/imit-learn/workspace/install/voxblox_msgs/lib/libvoxblox_msgs__rosidl_typesupport_fastrtps_c.so" to ""
[0.577s] -- Up-to-date: /home/imit-learn/workspace/install/voxblox_msgs/include/voxblox_msgs/voxblox_msgs
[0.577s] -- Up-to-date: /home/imit-learn/workspace/install/voxblox_msgs/include/voxblox_msgs/voxblox_msgs/srv
[0.577s] -- Up-to-date: /home/imit-learn/workspace/install/voxblox_msgs/include/voxblox_msgs/voxblox_msgs/srv/detail
[0.578s] -- Up-to-date: /home/imit-learn/workspace/install/voxblox_msgs/include/voxblox_msgs/voxblox_msgs/srv/detail/file_path__type_support.c
[0.578s] -- Installing: /home/imit-learn/workspace/install/voxblox_msgs/include/voxblox_msgs/voxblox_msgs/srv/detail/file_path__rosidl_typesupport_introspection_c.h
[0.578s] -- Up-to-date: /home/imit-learn/workspace/install/voxblox_msgs/include/voxblox_msgs/voxblox_msgs/msg
[0.578s] -- Up-to-date: /home/imit-learn/workspace/install/voxblox_msgs/include/voxblox_msgs/voxblox_msgs/msg/detail
[0.578s] -- Installing: /home/imit-learn/workspace/install/voxblox_msgs/include/voxblox_msgs/voxblox_msgs/msg/detail/block__rosidl_typesupport_introspection_c.h
[0.578s] -- Installing: /home/imit-learn/workspace/install/voxblox_msgs/include/voxblox_msgs/voxblox_msgs/msg/detail/mesh_block__rosidl_typesupport_introspection_c.h
[0.578s] -- Up-to-date: /home/imit-learn/workspace/install/voxblox_msgs/include/voxblox_msgs/voxblox_msgs/msg/detail/mesh_block__type_support.c
[0.578s] -- Installing: /home/imit-learn/workspace/install/voxblox_msgs/include/voxblox_msgs/voxblox_msgs/msg/detail/mesh__rosidl_typesupport_introspection_c.h
[0.578s] -- Up-to-date: /home/imit-learn/workspace/install/voxblox_msgs/include/voxblox_msgs/voxblox_msgs/msg/detail/block__type_support.c
[0.578s] -- Up-to-date: /home/imit-learn/workspace/install/voxblox_msgs/include/voxblox_msgs/voxblox_msgs/msg/detail/layer__type_support.c
[0.578s] -- Up-to-date: /home/imit-learn/workspace/install/voxblox_msgs/include/voxblox_msgs/voxblox_msgs/msg/detail/mesh__type_support.c
[0.578s] -- Installing: /home/imit-learn/workspace/install/voxblox_msgs/include/voxblox_msgs/voxblox_msgs/msg/detail/layer__rosidl_typesupport_introspection_c.h
[0.578s] -- Installing: /home/imit-learn/workspace/install/voxblox_msgs/include/voxblox_msgs/voxblox_msgs/msg/detail/voxel_evaluation_details__rosidl_typesupport_introspection_c.h
[0.578s] -- Up-to-date: /home/imit-learn/workspace/install/voxblox_msgs/include/voxblox_msgs/voxblox_msgs/msg/detail/voxel_evaluation_details__type_support.c
[0.578s] -- Installing: /home/imit-learn/workspace/install/voxblox_msgs/include/voxblox_msgs/voxblox_msgs/msg/rosidl_typesupport_introspection_c__visibility_control.h
[0.579s] -- Installing: /home/imit-learn/workspace/install/voxblox_msgs/lib/libvoxblox_msgs__rosidl_typesupport_introspection_c.so
[0.579s] -- Set non-toolchain portion of runtime path of "/home/imit-learn/workspace/install/voxblox_msgs/lib/libvoxblox_msgs__rosidl_typesupport_introspection_c.so" to ""
[0.579s] -- Installing: /home/imit-learn/workspace/install/voxblox_msgs/lib/libvoxblox_msgs__rosidl_typesupport_c.so
[0.579s] -- Set non-toolchain portion of runtime path of "/home/imit-learn/workspace/install/voxblox_msgs/lib/libvoxblox_msgs__rosidl_typesupport_c.so" to ""
[0.579s] -- Up-to-date: /home/imit-learn/workspace/install/voxblox_msgs/include/voxblox_msgs/voxblox_msgs
[0.579s] -- Up-to-date: /home/imit-learn/workspace/install/voxblox_msgs/include/voxblox_msgs/voxblox_msgs/srv
[0.579s] -- Up-to-date: /home/imit-learn/workspace/install/voxblox_msgs/include/voxblox_msgs/voxblox_msgs/srv/detail
[0.579s] -- Installing: /home/imit-learn/workspace/install/voxblox_msgs/include/voxblox_msgs/voxblox_msgs/srv/detail/file_path__traits.hpp
[0.579s] -- Installing: /home/imit-learn/workspace/install/voxblox_msgs/include/voxblox_msgs/voxblox_msgs/srv/detail/file_path__builder.hpp
[0.579s] -- Installing: /home/imit-learn/workspace/install/voxblox_msgs/include/voxblox_msgs/voxblox_msgs/srv/detail/file_path__struct.hpp
[0.579s] -- Installing: /home/imit-learn/workspace/install/voxblox_msgs/include/voxblox_msgs/voxblox_msgs/srv/detail/file_path__type_support.hpp
[0.579s] -- Installing: /home/imit-learn/workspace/install/voxblox_msgs/include/voxblox_msgs/voxblox_msgs/srv/file_path.hpp
[0.579s] -- Up-to-date: /home/imit-learn/workspace/install/voxblox_msgs/include/voxblox_msgs/voxblox_msgs/msg
[0.579s] -- Installing: /home/imit-learn/workspace/install/voxblox_msgs/include/voxblox_msgs/voxblox_msgs/msg/mesh_block.hpp
[0.579s] -- Installing: /home/imit-learn/workspace/install/voxblox_msgs/include/voxblox_msgs/voxblox_msgs/msg/rosidl_generator_cpp__visibility_control.hpp
[0.579s] -- Installing: /home/imit-learn/workspace/install/voxblox_msgs/include/voxblox_msgs/voxblox_msgs/msg/voxel_evaluation_details.hpp
[0.579s] -- Installing: /home/imit-learn/workspace/install/voxblox_msgs/include/voxblox_msgs/voxblox_msgs/msg/mesh.hpp
[0.579s] -- Up-to-date: /home/imit-learn/workspace/install/voxblox_msgs/include/voxblox_msgs/voxblox_msgs/msg/detail
[0.579s] -- Installing: /home/imit-learn/workspace/install/voxblox_msgs/include/voxblox_msgs/voxblox_msgs/msg/detail/mesh_block__builder.hpp
[0.579s] -- Installing: /home/imit-learn/workspace/install/voxblox_msgs/include/voxblox_msgs/voxblox_msgs/msg/detail/block__struct.hpp
[0.579s] -- Installing: /home/imit-learn/workspace/install/voxblox_msgs/include/voxblox_msgs/voxblox_msgs/msg/detail/layer__traits.hpp
[0.579s] -- Installing: /home/imit-learn/workspace/install/voxblox_msgs/include/voxblox_msgs/voxblox_msgs/msg/detail/block__traits.hpp
[0.579s] -- Installing: /home/imit-learn/workspace/install/voxblox_msgs/include/voxblox_msgs/voxblox_msgs/msg/detail/voxel_evaluation_details__traits.hpp
[0.579s] -- Installing: /home/imit-learn/workspace/install/voxblox_msgs/include/voxblox_msgs/voxblox_msgs/msg/detail/mesh__traits.hpp
[0.579s] -- Installing: /home/imit-learn/workspace/install/voxblox_msgs/include/voxblox_msgs/voxblox_msgs/msg/detail/mesh_block__traits.hpp
[0.579s] -- Installing: /home/imit-learn/workspace/install/voxblox_msgs/include/voxblox_msgs/voxblox_msgs/msg/detail/mesh_block__struct.hpp
[0.579s] -- Installing: /home/imit-learn/workspace/install/voxblox_msgs/include/voxblox_msgs/voxblox_msgs/msg/detail/mesh__struct.hpp
[0.579s] -- Installing: /home/imit-learn/workspace/install/voxblox_msgs/include/voxblox_msgs/voxblox_msgs/msg/detail/mesh__type_support.hpp
[0.579s] -- Installing: /home/imit-learn/workspace/install/voxblox_msgs/include/voxblox_msgs/voxblox_msgs/msg/detail/layer__type_support.hpp
[0.579s] -- Installing: /home/imit-learn/workspace/install/voxblox_msgs/include/voxblox_msgs/voxblox_msgs/msg/detail/voxel_evaluation_details__type_support.hpp
[0.579s] -- Installing: /home/imit-learn/workspace/install/voxblox_msgs/include/voxblox_msgs/voxblox_msgs/msg/detail/block__builder.hpp
[0.579s] -- Installing: /home/imit-learn/workspace/install/voxblox_msgs/include/voxblox_msgs/voxblox_msgs/msg/detail/mesh__builder.hpp
[0.579s] -- Installing: /home/imit-learn/workspace/install/voxblox_msgs/include/voxblox_msgs/voxblox_msgs/msg/detail/mesh_block__type_support.hpp
[0.579s] -- Installing: /home/imit-learn/workspace/install/voxblox_msgs/include/voxblox_msgs/voxblox_msgs/msg/detail/layer__struct.hpp
[0.579s] -- Installing: /home/imit-learn/workspace/install/voxblox_msgs/include/voxblox_msgs/voxblox_msgs/msg/detail/layer__builder.hpp
[0.579s] -- Installing: /home/imit-learn/workspace/install/voxblox_msgs/include/voxblox_msgs/voxblox_msgs/msg/detail/voxel_evaluation_details__builder.hpp
[0.580s] -- Installing: /home/imit-learn/workspace/install/voxblox_msgs/include/voxblox_msgs/voxblox_msgs/msg/detail/voxel_evaluation_details__struct.hpp
[0.580s] -- Installing: /home/imit-learn/workspace/install/voxblox_msgs/include/voxblox_msgs/voxblox_msgs/msg/detail/block__type_support.hpp
[0.580s] -- Installing: /home/imit-learn/workspace/install/voxblox_msgs/include/voxblox_msgs/voxblox_msgs/msg/layer.hpp
[0.580s] -- Installing: /home/imit-learn/workspace/install/voxblox_msgs/include/voxblox_msgs/voxblox_msgs/msg/block.hpp
[0.580s] -- Up-to-date: /home/imit-learn/workspace/install/voxblox_msgs/include/voxblox_msgs/voxblox_msgs
[0.580s] -- Up-to-date: /home/imit-learn/workspace/install/voxblox_msgs/include/voxblox_msgs/voxblox_msgs/srv
[0.580s] -- Up-to-date: /home/imit-learn/workspace/install/voxblox_msgs/include/voxblox_msgs/voxblox_msgs/srv/detail
[0.580s] -- Installing: /home/imit-learn/workspace/install/voxblox_msgs/include/voxblox_msgs/voxblox_msgs/srv/detail/file_path__rosidl_typesupport_fastrtps_cpp.hpp
[0.580s] -- Installing: /home/imit-learn/workspace/install/voxblox_msgs/include/voxblox_msgs/voxblox_msgs/srv/detail/dds_fastrtps
[0.580s] -- Up-to-date: /home/imit-learn/workspace/install/voxblox_msgs/include/voxblox_msgs/voxblox_msgs/msg
[0.580s] -- Installing: /home/imit-learn/workspace/install/voxblox_msgs/include/voxblox_msgs/voxblox_msgs/msg/rosidl_typesupport_fastrtps_cpp__visibility_control.h
[0.580s] -- Up-to-date: /home/imit-learn/workspace/install/voxblox_msgs/include/voxblox_msgs/voxblox_msgs/msg/detail
[0.580s] -- Installing: /home/imit-learn/workspace/install/voxblox_msgs/include/voxblox_msgs/voxblox_msgs/msg/detail/voxel_evaluation_details__rosidl_typesupport_fastrtps_cpp.hpp
[0.580s] -- Installing: /home/imit-learn/workspace/install/voxblox_msgs/include/voxblox_msgs/voxblox_msgs/msg/detail/layer__rosidl_typesupport_fastrtps_cpp.hpp
[0.580s] -- Installing: /home/imit-learn/workspace/install/voxblox_msgs/include/voxblox_msgs/voxblox_msgs/msg/detail/mesh__rosidl_typesupport_fastrtps_cpp.hpp
[0.580s] -- Installing: /home/imit-learn/workspace/install/voxblox_msgs/include/voxblox_msgs/voxblox_msgs/msg/detail/mesh_block__rosidl_typesupport_fastrtps_cpp.hpp
[0.580s] -- Installing: /home/imit-learn/workspace/install/voxblox_msgs/include/voxblox_msgs/voxblox_msgs/msg/detail/block__rosidl_typesupport_fastrtps_cpp.hpp
[0.580s] -- Installing: /home/imit-learn/workspace/install/voxblox_msgs/include/voxblox_msgs/voxblox_msgs/msg/detail/dds_fastrtps
[0.580s] -- Installing: /home/imit-learn/workspace/install/voxblox_msgs/lib/libvoxblox_msgs__rosidl_typesupport_fastrtps_cpp.so
[0.580s] -- Set non-toolchain portion of runtime path of "/home/imit-learn/workspace/install/voxblox_msgs/lib/libvoxblox_msgs__rosidl_typesupport_fastrtps_cpp.so" to ""
[0.580s] -- Up-to-date: /home/imit-learn/workspace/install/voxblox_msgs/include/voxblox_msgs/voxblox_msgs
[0.580s] -- Up-to-date: /home/imit-learn/workspace/install/voxblox_msgs/include/voxblox_msgs/voxblox_msgs/srv
[0.580s] -- Up-to-date: /home/imit-learn/workspace/install/voxblox_msgs/include/voxblox_msgs/voxblox_msgs/srv/detail
[0.580s] -- Installing: /home/imit-learn/workspace/install/voxblox_msgs/include/voxblox_msgs/voxblox_msgs/srv/detail/file_path__rosidl_typesupport_introspection_cpp.hpp
[0.580s] -- Installing: /home/imit-learn/workspace/install/voxblox_msgs/include/voxblox_msgs/voxblox_msgs/srv/detail/file_path__type_support.cpp
[0.580s] -- Up-to-date: /home/imit-learn/workspace/install/voxblox_msgs/include/voxblox_msgs/voxblox_msgs/msg
[0.580s] -- Up-to-date: /home/imit-learn/workspace/install/voxblox_msgs/include/voxblox_msgs/voxblox_msgs/msg/detail
[0.580s] -- Installing: /home/imit-learn/workspace/install/voxblox_msgs/include/voxblox_msgs/voxblox_msgs/msg/detail/mesh_block__type_support.cpp
[0.580s] -- Installing: /home/imit-learn/workspace/install/voxblox_msgs/include/voxblox_msgs/voxblox_msgs/msg/detail/block__rosidl_typesupport_introspection_cpp.hpp
[0.580s] -- Installing: /home/imit-learn/workspace/install/voxblox_msgs/include/voxblox_msgs/voxblox_msgs/msg/detail/mesh_block__rosidl_typesupport_introspection_cpp.hpp
[0.580s] -- Installing: /home/imit-learn/workspace/install/voxblox_msgs/include/voxblox_msgs/voxblox_msgs/msg/detail/layer__rosidl_typesupport_introspection_cpp.hpp
[0.580s] -- Installing: /home/imit-learn/workspace/install/voxblox_msgs/include/voxblox_msgs/voxblox_msgs/msg/detail/mesh__rosidl_typesupport_introspection_cpp.hpp
[0.580s] -- Installing: /home/imit-learn/workspace/install/voxblox_msgs/include/voxblox_msgs/voxblox_msgs/msg/detail/voxel_evaluation_details__rosidl_typesupport_introspection_cpp.hpp
[0.580s] -- Installing: /home/imit-learn/workspace/install/voxblox_msgs/include/voxblox_msgs/voxblox_msgs/msg/detail/layer__type_support.cpp
[0.580s] -- Installing: /home/imit-learn/workspace/install/voxblox_msgs/include/voxblox_msgs/voxblox_msgs/msg/detail/voxel_evaluation_details__type_support.cpp
[0.580s] -- Installing: /home/imit-learn/workspace/install/voxblox_msgs/include/voxblox_msgs/voxblox_msgs/msg/detail/mesh__type_support.cpp
[0.580s] -- Installing: /home/imit-learn/workspace/install/voxblox_msgs/include/voxblox_msgs/voxblox_msgs/msg/detail/block__type_support.cpp
[0.580s] -- Installing: /home/imit-learn/workspace/install/voxblox_msgs/lib/libvoxblox_msgs__rosidl_typesupport_introspection_cpp.so
[0.580s] -- Set non-toolchain portion of runtime path of "/home/imit-learn/workspace/install/voxblox_msgs/lib/libvoxblox_msgs__rosidl_typesupport_introspection_cpp.so" to ""
[0.580s] -- Installing: /home/imit-learn/workspace/install/voxblox_msgs/lib/libvoxblox_msgs__rosidl_typesupport_cpp.so
[0.581s] -- Set non-toolchain portion of runtime path of "/home/imit-learn/workspace/install/voxblox_msgs/lib/libvoxblox_msgs__rosidl_typesupport_cpp.so" to ""
[0.581s] -- Installing: /home/imit-learn/workspace/install/voxblox_msgs/share/voxblox_msgs/environment/pythonpath.sh
[0.581s] -- Installing: /home/imit-learn/workspace/install/voxblox_msgs/share/voxblox_msgs/environment/pythonpath.dsv
[0.581s] -- Installing: /home/imit-learn/workspace/install/voxblox_msgs/lib/python3.12/site-packages/voxblox_msgs-0.0.0-py3.12.egg-info
[0.581s] -- Installing: /home/imit-learn/workspace/install/voxblox_msgs/lib/python3.12/site-packages/voxblox_msgs-0.0.0-py3.12.egg-info/PKG-INFO
[0.581s] -- Installing: /home/imit-learn/workspace/install/voxblox_msgs/lib/python3.12/site-packages/voxblox_msgs-0.0.0-py3.12.egg-info/dependency_links.txt
[0.581s] -- Installing: /home/imit-learn/workspace/install/voxblox_msgs/lib/python3.12/site-packages/voxblox_msgs-0.0.0-py3.12.egg-info/top_level.txt
[0.581s] -- Installing: /home/imit-learn/workspace/install/voxblox_msgs/lib/python3.12/site-packages/voxblox_msgs-0.0.0-py3.12.egg-info/SOURCES.txt
[0.581s] -- Installing: /home/imit-learn/workspace/install/voxblox_msgs/lib/python3.12/site-packages/voxblox_msgs
[0.581s] -- Installing: /home/imit-learn/workspace/install/voxblox_msgs/lib/python3.12/site-packages/voxblox_msgs/voxblox_msgs_s__rosidl_typesupport_c.so
[0.581s] -- Installing: /home/imit-learn/workspace/install/voxblox_msgs/lib/python3.12/site-packages/voxblox_msgs/_voxblox_msgs_s.ep.rosidl_typesupport_c.c
[0.581s] -- Installing: /home/imit-learn/workspace/install/voxblox_msgs/lib/python3.12/site-packages/voxblox_msgs/voxblox_msgs_s__rosidl_typesupport_fastrtps_c.so
[0.581s] -- Installing: /home/imit-learn/workspace/install/voxblox_msgs/lib/python3.12/site-packages/voxblox_msgs/_voxblox_msgs_s.ep.rosidl_typesupport_fastrtps_c.c
[0.581s] -- Installing: /home/imit-learn/workspace/install/voxblox_msgs/lib/python3.12/site-packages/voxblox_msgs/srv
[0.581s] -- Installing: /home/imit-learn/workspace/install/voxblox_msgs/lib/python3.12/site-packages/voxblox_msgs/srv/_file_path_s.c
[0.581s] -- Installing: /home/imit-learn/workspace/install/voxblox_msgs/lib/python3.12/site-packages/voxblox_msgs/srv/_file_path.py
[0.581s] -- Installing: /home/imit-learn/workspace/install/voxblox_msgs/lib/python3.12/site-packages/voxblox_msgs/srv/__init__.py
[0.581s] -- Installing: /home/imit-learn/workspace/install/voxblox_msgs/lib/python3.12/site-packages/voxblox_msgs/msg
[0.581s] -- Installing: /home/imit-learn/workspace/install/voxblox_msgs/lib/python3.12/site-packages/voxblox_msgs/msg/_mesh.py
[0.581s] -- Installing: /home/imit-learn/workspace/install/voxblox_msgs/lib/python3.12/site-packages/voxblox_msgs/msg/_mesh_block_s.c
[0.581s] -- Installing: /home/imit-learn/workspace/install/voxblox_msgs/lib/python3.12/site-packages/voxblox_msgs/msg/_voxel_evaluation_details_s.c
[0.581s] -- Installing: /home/imit-learn/workspace/install/voxblox_msgs/lib/python3.12/site-packages/voxblox_msgs/msg/_block.py
[0.581s] -- Installing: /home/imit-learn/workspace/install/voxblox_msgs/lib/python3.12/site-packages/voxblox_msgs/msg/_voxel_evaluation_details.py
[0.581s] -- Installing: /home/imit-learn/workspace/install/voxblox_msgs/lib/python3.12/site-packages/voxblox_msgs/msg/_mesh_s.c
[0.581s] -- Installing: /home/imit-learn/workspace/install/voxblox_msgs/lib/python3.12/site-packages/voxblox_msgs/msg/_layer.py
[0.581s] -- Installing: /home/imit-learn/workspace/install/voxblox_msgs/lib/python3.12/site-packages/voxblox_msgs/msg/_layer_s.c
[0.581s] -- Installing: /home/imit-learn/workspace/install/voxblox_msgs/lib/python3.12/site-packages/voxblox_msgs/msg/_block_s.c
[0.581s] -- Installing: /home/imit-learn/workspace/install/voxblox_msgs/lib/python3.12/site-packages/voxblox_msgs/msg/__init__.py
[0.581s] -- Installing: /home/imit-learn/workspace/install/voxblox_msgs/lib/python3.12/site-packages/voxblox_msgs/msg/_mesh_block.py
[0.581s] -- Installing: /home/imit-learn/workspace/install/voxblox_msgs/lib/python3.12/site-packages/voxblox_msgs/voxblox_msgs_s__rosidl_typesupport_introspection_c.so
[0.581s] -- Installing: /home/imit-learn/workspace/install/voxblox_msgs/lib/python3.12/site-packages/voxblox_msgs/_voxblox_msgs_s.ep.rosidl_typesupport_introspection_c.c
[0.581s] -- Installing: /home/imit-learn/workspace/install/voxblox_msgs/lib/python3.12/site-packages/voxblox_msgs/__init__.py
[0.606s] Listing '/home/imit-learn/workspace/install/voxblox_msgs/lib/python3.12/site-packages/voxblox_msgs'...
[0.606s] Compiling '/home/imit-learn/workspace/install/voxblox_msgs/lib/python3.12/site-packages/voxblox_msgs/__init__.py'...
[0.606s] Listing '/home/imit-learn/workspace/install/voxblox_msgs/lib/python3.12/site-packages/voxblox_msgs/msg'...
[0.606s] Compiling '/home/imit-learn/workspace/install/voxblox_msgs/lib/python3.12/site-packages/voxblox_msgs/msg/__init__.py'...
[0.606s] Compiling '/home/imit-learn/workspace/install/voxblox_msgs/lib/python3.12/site-packages/voxblox_msgs/msg/_block.py'...
[0.606s] Compiling '/home/imit-learn/workspace/install/voxblox_msgs/lib/python3.12/site-packages/voxblox_msgs/msg/_layer.py'...
[0.606s] Compiling '/home/imit-learn/workspace/install/voxblox_msgs/lib/python3.12/site-packages/voxblox_msgs/msg/_mesh.py'...
[0.606s] Compiling '/home/imit-learn/workspace/install/voxblox_msgs/lib/python3.12/site-packages/voxblox_msgs/msg/_mesh_block.py'...
[0.606s] Compiling '/home/imit-learn/workspace/install/voxblox_msgs/lib/python3.12/site-packages/voxblox_msgs/msg/_voxel_evaluation_details.py'...
[0.606s] Listing '/home/imit-learn/workspace/install/voxblox_msgs/lib/python3.12/site-packages/voxblox_msgs/srv'...
[0.606s] Compiling '/home/imit-learn/workspace/install/voxblox_msgs/lib/python3.12/site-packages/voxblox_msgs/srv/__init__.py'...
[0.606s] Compiling '/home/imit-learn/workspace/install/voxblox_msgs/lib/python3.12/site-packages/voxblox_msgs/srv/_file_path.py'...
[0.609s] -- Installing: /home/imit-learn/workspace/install/voxblox_msgs/lib/python3.12/site-packages/voxblox_msgs/voxblox_msgs_s__rosidl_typesupport_fastrtps_c.so
[0.609s] -- Set non-toolchain portion of runtime path of "/home/imit-learn/workspace/install/voxblox_msgs/lib/python3.12/site-packages/voxblox_msgs/voxblox_msgs_s__rosidl_typesupport_fastrtps_c.so" to ""
[0.609s] -- Installing: /home/imit-learn/workspace/install/voxblox_msgs/lib/python3.12/site-packages/voxblox_msgs/voxblox_msgs_s__rosidl_typesupport_introspection_c.so
[0.609s] -- Set non-toolchain portion of runtime path of "/home/imit-learn/workspace/install/voxblox_msgs/lib/python3.12/site-packages/voxblox_msgs/voxblox_msgs_s__rosidl_typesupport_introspection_c.so" to ""
[0.609s] -- Installing: /home/imit-learn/workspace/install/voxblox_msgs/lib/python3.12/site-packages/voxblox_msgs/voxblox_msgs_s__rosidl_typesupport_c.so
[0.609s] -- Set non-toolchain portion of runtime path of "/home/imit-learn/workspace/install/voxblox_msgs/lib/python3.12/site-packages/voxblox_msgs/voxblox_msgs_s__rosidl_typesupport_c.so" to ""
[0.609s] -- Installing: /home/imit-learn/workspace/install/voxblox_msgs/lib/libvoxblox_msgs__rosidl_generator_py.so
[0.609s] -- Set non-toolchain portion of runtime path of "/home/imit-learn/workspace/install/voxblox_msgs/lib/libvoxblox_msgs__rosidl_generator_py.so" to ""
[0.609s] -- Installing: /home/imit-learn/workspace/install/voxblox_msgs/share/voxblox_msgs/msg/Block.idl
[0.609s] -- Installing: /home/imit-learn/workspace/install/voxblox_msgs/share/voxblox_msgs/msg/Layer.idl
[0.609s] -- Installing: /home/imit-learn/workspace/install/voxblox_msgs/share/voxblox_msgs/msg/Mesh.idl
[0.609s] -- Installing: /home/imit-learn/workspace/install/voxblox_msgs/share/voxblox_msgs/msg/MeshBlock.idl
[0.609s] -- Installing: /home/imit-learn/workspace/install/voxblox_msgs/share/voxblox_msgs/msg/VoxelEvaluationDetails.idl
[0.610s] -- Installing: /home/imit-learn/workspace/install/voxblox_msgs/share/voxblox_msgs/srv/FilePath.idl
[0.610s] -- Installing: /home/imit-learn/workspace/install/voxblox_msgs/share/voxblox_msgs/msg/Block.msg
[0.610s] -- Installing: /home/imit-learn/workspace/install/voxblox_msgs/share/voxblox_msgs/msg/Layer.msg
[0.610s] -- Installing: /home/imit-learn/workspace/install/voxblox_msgs/share/voxblox_msgs/msg/Mesh.msg
[0.610s] -- Installing: /home/imit-learn/workspace/install/voxblox_msgs/share/voxblox_msgs/msg/MeshBlock.msg
[0.610s] -- Installing: /home/imit-learn/workspace/install/voxblox_msgs/share/voxblox_msgs/msg/VoxelEvaluationDetails.msg
[0.610s] -- Installing: /home/imit-learn/workspace/install/voxblox_msgs/share/voxblox_msgs/srv/FilePath.srv
[0.610s] -- Installing: /home/imit-learn/workspace/install/voxblox_msgs/share/ament_index/resource_index/package_run_dependencies/voxblox_msgs
[0.610s] -- Installing: /home/imit-learn/workspace/install/voxblox_msgs/share/ament_index/resource_index/parent_prefix_path/voxblox_msgs
[0.610s] -- Installing: /home/imit-learn/workspace/install/voxblox_msgs/share/voxblox_msgs/environment/ament_prefix_path.sh
[0.610s] -- Installing: /home/imit-learn/workspace/install/voxblox_msgs/share/voxblox_msgs/environment/ament_prefix_path.dsv
[0.610s] -- Installing: /home/imit-learn/workspace/install/voxblox_msgs/share/voxblox_msgs/environment/path.sh
[0.610s] -- Installing: /home/imit-learn/workspace/install/voxblox_msgs/share/voxblox_msgs/environment/path.dsv
[0.610s] -- Installing: /home/imit-learn/workspace/install/voxblox_msgs/share/voxblox_msgs/local_setup.bash
[0.611s] -- Installing: /home/imit-learn/workspace/install/voxblox_msgs/share/voxblox_msgs/local_setup.sh
[0.611s] -- Installing: /home/imit-learn/workspace/install/voxblox_msgs/share/voxblox_msgs/local_setup.zsh
[0.611s] -- Installing: /home/imit-learn/workspace/install/voxblox_msgs/share/voxblox_msgs/local_setup.dsv
[0.611s] -- Installing: /home/imit-learn/workspace/install/voxblox_msgs/share/voxblox_msgs/package.dsv
[0.611s] -- Installing: /home/imit-learn/workspace/install/voxblox_msgs/share/ament_index/resource_index/packages/voxblox_msgs
[0.611s] -- Installing: /home/imit-learn/workspace/install/voxblox_msgs/share/voxblox_msgs/cmake/export_voxblox_msgs__rosidl_generator_cExport.cmake
[0.611s] -- Installing: /home/imit-learn/workspace/install/voxblox_msgs/share/voxblox_msgs/cmake/export_voxblox_msgs__rosidl_generator_cExport-release.cmake
[0.611s] -- Installing: /home/imit-learn/workspace/install/voxblox_msgs/share/voxblox_msgs/cmake/export_voxblox_msgs__rosidl_typesupport_fastrtps_cExport.cmake
[0.611s] -- Installing: /home/imit-learn/workspace/install/voxblox_msgs/share/voxblox_msgs/cmake/export_voxblox_msgs__rosidl_typesupport_fastrtps_cExport-release.cmake
[0.611s] -- Installing: /home/imit-learn/workspace/install/voxblox_msgs/share/voxblox_msgs/cmake/voxblox_msgs__rosidl_typesupport_introspection_cExport.cmake
[0.611s] -- Installing: /home/imit-learn/workspace/install/voxblox_msgs/share/voxblox_msgs/cmake/voxblox_msgs__rosidl_typesupport_introspection_cExport-release.cmake
[0.611s] -- Installing: /home/imit-learn/workspace/install/voxblox_msgs/share/voxblox_msgs/cmake/voxblox_msgs__rosidl_typesupport_cExport.cmake
[0.611s] -- Installing: /home/imit-learn/workspace/install/voxblox_msgs/share/voxblox_msgs/cmake/voxblox_msgs__rosidl_typesupport_cExport-release.cmake
[0.611s] -- Installing: /home/imit-learn/workspace/install/voxblox_msgs/share/voxblox_msgs/cmake/export_voxblox_msgs__rosidl_generator_cppExport.cmake
[0.611s] -- Installing: /home/imit-learn/workspace/install/voxblox_msgs/share/voxblox_msgs/cmake/export_voxblox_msgs__rosidl_typesupport_fastrtps_cppExport.cmake
[0.611s] -- Installing: /home/imit-learn/workspace/install/voxblox_msgs/share/voxblox_msgs/cmake/export_voxblox_msgs__rosidl_typesupport_fastrtps_cppExport-release.cmake
[0.611s] -- Installing: /home/imit-learn/workspace/install/voxblox_msgs/share/voxblox_msgs/cmake/voxblox_msgs__rosidl_typesupport_introspection_cppExport.cmake
[0.611s] -- Installing: /home/imit-learn/workspace/install/voxblox_msgs/share/voxblox_msgs/cmake/voxblox_msgs__rosidl_typesupport_introspection_cppExport-release.cmake
[0.611s] -- Installing: /home/imit-learn/workspace/install/voxblox_msgs/share/voxblox_msgs/cmake/voxblox_msgs__rosidl_typesupport_cppExport.cmake
[0.611s] -- Installing: /home/imit-learn/workspace/install/voxblox_msgs/share/voxblox_msgs/cmake/voxblox_msgs__rosidl_typesupport_cppExport-release.cmake
[0.611s] -- Installing: /home/imit-learn/workspace/install/voxblox_msgs/share/voxblox_msgs/cmake/export_voxblox_msgs__rosidl_generator_pyExport.cmake
[0.612s] -- Installing: /home/imit-learn/workspace/install/voxblox_msgs/share/voxblox_msgs/cmake/export_voxblox_msgs__rosidl_generator_pyExport-release.cmake
[0.612s] -- Installing: /home/imit-learn/workspace/install/voxblox_msgs/share/voxblox_msgs/cmake/rosidl_cmake-extras.cmake
[0.612s] -- Installing: /home/imit-learn/workspace/install/voxblox_msgs/share/voxblox_msgs/cmake/ament_cmake_export_dependencies-extras.cmake
[0.612s] -- Installing: /home/imit-learn/workspace/install/voxblox_msgs/share/voxblox_msgs/cmake/ament_cmake_export_include_directories-extras.cmake
[0.612s] -- Installing: /home/imit-learn/workspace/install/voxblox_msgs/share/voxblox_msgs/cmake/ament_cmake_export_libraries-extras.cmake
[0.612s] -- Installing: /home/imit-learn/workspace/install/voxblox_msgs/share/voxblox_msgs/cmake/ament_cmake_export_targets-extras.cmake
[0.612s] -- Installing: /home/imit-learn/workspace/install/voxblox_msgs/share/voxblox_msgs/cmake/rosidl_cmake_export_typesupport_targets-extras.cmake
[0.612s] -- Installing: /home/imit-learn/workspace/install/voxblox_msgs/share/voxblox_msgs/cmake/rosidl_cmake_export_typesupport_libraries-extras.cmake
[0.612s] -- Installing: /home/imit-learn/workspace/install/voxblox_msgs/share/voxblox_msgs/cmake/voxblox_msgsConfig.cmake
[0.612s] -- Installing: /home/imit-learn/workspace/install/voxblox_msgs/share/voxblox_msgs/cmake/voxblox_msgsConfig-version.cmake
[0.612s] -- Installing: /home/imit-learn/workspace/install/voxblox_msgs/share/voxblox_msgs/package.xml
[0.612s] Invoked command in '/home/imit-learn/workspace/build/voxblox_msgs' returned '0': _=/usr/bin/env /usr/bin/cmake --install /home/imit-learn/workspace/build/voxblox_msgs
