[0.029s] Invoking command in '/home/imit-learn/workspace/build/xmlrpcpp': CMAKE_PREFIX_PATH=${CMAKE_PREFIX_PATH}:/opt/ros/jazzy _=/usr/bin/env /usr/bin/cmake --build /home/imit-learn/workspace/build/xmlrpcpp -- -j32 -l32
[0.114s] [100%] Built target xmlrpcpp
[0.122s] Invoked command in '/home/imit-learn/workspace/build/xmlrpcpp' returned '0': CMAKE_PREFIX_PATH=${CMAKE_PREFIX_PATH}:/opt/ros/jazzy _=/usr/bin/env /usr/bin/cmake --build /home/imit-learn/workspace/build/xmlrpcpp -- -j32 -l32
[0.122s] Invoking command in '/home/imit-learn/workspace/build/xmlrpcpp': CMAKE_PREFIX_PATH=${CMAKE_PREFIX_PATH}:/opt/ros/jazzy _=/usr/bin/env /usr/bin/cmake --install /home/imit-learn/workspace/build/xmlrpcpp
[0.127s] -- Install configuration: "Release"
[0.127s] -- Execute custom install script
[0.127s] -- Symlinking: /home/imit-learn/workspace/install/xmlrpcpp/lib/libxmlrpcpp.a
[0.133s] -- Symlinking: /home/imit-learn/workspace/install/xmlrpcpp/include//xmlrpcpp/XmlRpc.h
[0.138s] -- Symlinking: /home/imit-learn/workspace/install/xmlrpcpp/include//xmlrpcpp/XmlRpcClient.h
[0.143s] -- Symlinking: /home/imit-learn/workspace/install/xmlrpcpp/include//xmlrpcpp/XmlRpcDecl.h
[0.147s] -- Symlinking: /home/imit-learn/workspace/install/xmlrpcpp/include//xmlrpcpp/XmlRpcDispatch.h
[0.152s] -- Symlinking: /home/imit-learn/workspace/install/xmlrpcpp/include//xmlrpcpp/XmlRpcException.h
[0.158s] -- Symlinking: /home/imit-learn/workspace/install/xmlrpcpp/include//xmlrpcpp/XmlRpcServer.h
[0.164s] -- Symlinking: /home/imit-learn/workspace/install/xmlrpcpp/include//xmlrpcpp/XmlRpcServerConnection.h
[0.169s] -- Symlinking: /home/imit-learn/workspace/install/xmlrpcpp/include//xmlrpcpp/XmlRpcServerMethod.h
[0.175s] -- Symlinking: /home/imit-learn/workspace/install/xmlrpcpp/include//xmlrpcpp/XmlRpcSocket.h
[0.180s] -- Symlinking: /home/imit-learn/workspace/install/xmlrpcpp/include//xmlrpcpp/XmlRpcSource.h
[0.186s] -- Symlinking: /home/imit-learn/workspace/install/xmlrpcpp/include//xmlrpcpp/XmlRpcUtil.h
[0.191s] -- Symlinking: /home/imit-learn/workspace/install/xmlrpcpp/include//xmlrpcpp/XmlRpcValue.h
[0.198s] -- Symlinking: /home/imit-learn/workspace/install/xmlrpcpp/include//xmlrpcpp/base64.h
[0.202s] -- Symlinking: /home/imit-learn/workspace/install/xmlrpcpp/share/xmlrpcpp/environment/library_path.sh
[0.209s] -- Symlinking: /home/imit-learn/workspace/install/xmlrpcpp/share/xmlrpcpp/environment/library_path.dsv
[0.215s] -- Symlinking: /home/imit-learn/workspace/install/xmlrpcpp/share/ament_index/resource_index/package_run_dependencies/xmlrpcpp
[0.219s] -- Symlinking: /home/imit-learn/workspace/install/xmlrpcpp/share/ament_index/resource_index/parent_prefix_path/xmlrpcpp
[0.224s] -- Symlinking: /home/imit-learn/workspace/install/xmlrpcpp/share/xmlrpcpp/environment/ament_prefix_path.sh
[0.230s] -- Symlinking: /home/imit-learn/workspace/install/xmlrpcpp/share/xmlrpcpp/environment/ament_prefix_path.dsv
[0.234s] -- Symlinking: /home/imit-learn/workspace/install/xmlrpcpp/share/xmlrpcpp/environment/path.sh
[0.238s] -- Symlinking: /home/imit-learn/workspace/install/xmlrpcpp/share/xmlrpcpp/environment/path.dsv
[0.244s] -- Symlinking: /home/imit-learn/workspace/install/xmlrpcpp/share/xmlrpcpp/local_setup.bash
[0.249s] -- Symlinking: /home/imit-learn/workspace/install/xmlrpcpp/share/xmlrpcpp/local_setup.sh
[0.255s] -- Symlinking: /home/imit-learn/workspace/install/xmlrpcpp/share/xmlrpcpp/local_setup.zsh
[0.259s] -- Symlinking: /home/imit-learn/workspace/install/xmlrpcpp/share/xmlrpcpp/local_setup.dsv
[0.265s] -- Symlinking: /home/imit-learn/workspace/install/xmlrpcpp/share/xmlrpcpp/package.dsv
[0.271s] -- Symlinking: /home/imit-learn/workspace/install/xmlrpcpp/share/ament_index/resource_index/packages/xmlrpcpp
[0.277s] -- Symlinking: /home/imit-learn/workspace/install/xmlrpcpp/share/xmlrpcpp/cmake/ament_cmake_export_include_directories-extras.cmake
[0.282s] -- Symlinking: /home/imit-learn/workspace/install/xmlrpcpp/share/xmlrpcpp/cmake/ament_cmake_export_libraries-extras.cmake
[0.285s] -- Symlinking: /home/imit-learn/workspace/install/xmlrpcpp/share/xmlrpcpp/cmake/xmlrpcppConfig.cmake
[0.291s] -- Symlinking: /home/imit-learn/workspace/install/xmlrpcpp/share/xmlrpcpp/cmake/xmlrpcppConfig-version.cmake
[0.296s] -- Symlinking: /home/imit-learn/workspace/install/xmlrpcpp/share/xmlrpcpp/package.xml
[0.301s] Invoked command in '/home/imit-learn/workspace/build/xmlrpcpp' returned '0': CMAKE_PREFIX_PATH=${CMAKE_PREFIX_PATH}:/opt/ros/jazzy _=/usr/bin/env /usr/bin/cmake --install /home/imit-learn/workspace/build/xmlrpcpp
